0 info it worked if it ends with ok
1 verbose cli [ 'C:\\Program Files\\nodejs\\node.exe',
1 verbose cli   'C:\\Program Files\\nodejs\\node_modules\\npm\\bin\\npm-cli.js',
1 verbose cli   'start' ]
2 info using npm@3.10.9
3 info using node@v6.9.2
4 verbose run-script [ 'prestart', 'start', 'poststart' ]
5 info lifecycle decahomes@1.0.0~prestart: decahomes@1.0.0
6 silly lifecycle decahomes@1.0.0~prestart: no script for prestart, continuing
7 info lifecycle decahomes@1.0.0~start: decahomes@1.0.0
8 verbose lifecycle decahomes@1.0.0~start: unsafe-perm in lifecycle true
9 verbose lifecycle decahomes@1.0.0~start: PATH: C:\Program Files\nodejs\node_modules\npm\bin\node-gyp-bin;C:\cygwin64\home\aparicdd\cflab\my\node_modules\.bin;C:\Users\IBM_ADMIN\Downloads\winpty-0.4.0-cygwin-2.5.2-x64\bin;C:\cygwin64\home\aparicdd\bin;C:\cygwin64\opt\scala\scala-2.12.0\bin;C:\cygwin64\opt\maven\apache-maven-3.3.9\bin;C:\cygwin64\opt\ant\apache-ant-1.9.7\bin;C:\Users\IBM_ADMIN\Downloads\winpty-0.4.0-cygwin-2.5.2-x64\bin;C:\cygwin64\home\aparicdd\bin;C:\cygwin64\opt\scala\scala-2.12.0\bin;C:\cygwin64\opt\maven\apache-maven-3.3.9\bin;C:\cygwin64\opt\ant\apache-ant-1.9.7\bin;C:\cygwin64\usr\local\bin;C:\cygwin64\bin;C:\program files\java\jdk1.8.0_102\bin;C:\programdata\oracle\java\javapath;C:\windows\system32;C:\windows;C:\windows\system32\wbem;C:\windows\system32\windowspowershell\v1.0;C:\program files\ibm\infoprint select;C:\notes;C:\hashicorp\vagrant\bin;C:\program files\git\cmd;C:\program files\ibm\gsk8\lib64;C:\Program Files\Microsoft SQL Server\130\Tools\Binn;C:\Program Files\Oracle\VirtualBox;C:\Program Files\nodejs;C:\PROGRA~2\IBM\WEBSPH~1\APPSER~1\db2\BIN;C:\PROGRA~2\IBM\WEBSPH~1\APPSER~1\db2\FUNCTION;C:\PROGRA~2\IBM\WEBSPH~1\APPSER~1\db2\SAMPLES\REPL;C:\Program Files\Cloud Foundry;C:\Program Files\IBM\Bluemix\bin;C:\bin;C:\Python27;C:\Program Files (x86)\Skype\Phone;C:\Program Files (x86)\Plantronics\Spokes3G;C:\Program Files (x86)\Microsoft SQL Server\100\Tools\Binn;C:\Program Files\Microsoft SQL Server\100\Tools\Binn;C:\Program Files\Microsoft SQL Server\100\DTS\Binn;C:\Go\bin;C:\Program Files\PuTTY;C:\Users\IBM_ADMIN\AppData\Roaming\npm;C:\Program Files\Docker Toolbox;C:\Program Files (x86)\Microsoft VS Code\bin;C:\cygwin64\lib\lapack
10 verbose lifecycle decahomes@1.0.0~start: CWD: C:\cygwin64\home\aparicdd\cflab\my
11 silly lifecycle decahomes@1.0.0~start: Args: [ '/d /s /c', 'node index.js' ]
12 silly lifecycle decahomes@1.0.0~start: Returned: code: 1  signal: null
13 info lifecycle decahomes@1.0.0~start: Failed to exec start script
14 verbose stack Error: decahomes@1.0.0 start: `node index.js`
14 verbose stack Exit status 1
14 verbose stack     at EventEmitter.<anonymous> (C:\Program Files\nodejs\node_modules\npm\lib\utils\lifecycle.js:255:16)
14 verbose stack     at emitTwo (events.js:106:13)
14 verbose stack     at EventEmitter.emit (events.js:191:7)
14 verbose stack     at ChildProcess.<anonymous> (C:\Program Files\nodejs\node_modules\npm\lib\utils\spawn.js:40:14)
14 verbose stack     at emitTwo (events.js:106:13)
14 verbose stack     at ChildProcess.emit (events.js:191:7)
14 verbose stack     at maybeClose (internal/child_process.js:877:16)
14 verbose stack     at Process.ChildProcess._handle.onexit (internal/child_process.js:226:5)
15 verbose pkgid decahomes@1.0.0
16 verbose cwd C:\cygwin64\home\aparicdd\cflab\my
17 error Windows_NT 6.1.7601
18 error argv "C:\\Program Files\\nodejs\\node.exe" "C:\\Program Files\\nodejs\\node_modules\\npm\\bin\\npm-cli.js" "start"
19 error node v6.9.2
20 error npm  v3.10.9
21 error code ELIFECYCLE
22 error decahomes@1.0.0 start: `node index.js`
22 error Exit status 1
23 error Failed at the decahomes@1.0.0 start script 'node index.js'.
23 error Make sure you have the latest version of node.js and npm installed.
23 error If you do, this is most likely a problem with the decahomes package,
23 error not with npm itself.
23 error Tell the author that this fails on your system:
23 error     node index.js
23 error You can get information on how to open an issue for this project with:
23 error     npm bugs decahomes
23 error Or if that isn't available, you can get their info via:
23 error     npm owner ls decahomes
23 error There is likely additional logging output above.
24 verbose exit [ 1, true ]
